[03:57:34] [main/INFO]: Loading Minecraft 1.21.1 with Fabric Loader 0.18.2
[03:57:34] [main/INFO]: Fabric is preparing JARs on first launch, this may take a few seconds...
[03:57:34] [main/INFO]: Loading 4 mods:
	- fabricloader 0.18.2
	   \-- mixinextras 0.5.0
	- java 21
	- minecraft 1.21.1
[03:57:34] [main/INFO]: SpongePowered MIXIN Subsystem Version=0.8.7 Source=file:/workspaces/COOBLEMON/servidor_minecraft/libraries/net/fabricmc/sponge-mixin/0.16.5+mixin.0.8.7/sponge-mixin-0.16.5+mixin.0.8.7.jar Service=Knot/Fabric Env=SERVER
[03:57:40] [main/INFO]: Environment: Environment[sessionHost=https://sessionserver.mojang.com, servicesHost=https://api.minecraftservices.com, name=PROD]
[03:57:40] [main/INFO]: No existing world data, creating new world
[03:57:41] [main/INFO]: Loaded 1290 recipes
[03:57:41] [main/INFO]: Loaded 1399 advancements
[03:57:42] [Server thread/INFO]: Starting minecraft server version 1.21.1
[03:57:42] [Server thread/INFO]: Loading properties
[03:57:42] [Server thread/INFO]: Default game type: SURVIVAL
[03:57:42] [Server thread/INFO]: Generating keypair
[03:57:42] [Server thread/INFO]: Starting Minecraft server on *:25565
[03:57:42] [Server thread/INFO]: Using epoll channel type
[03:57:42] [Server thread/WARN]: **** SERVER IS RUNNING IN OFFLINE/INSECURE MODE!
[03:57:42] [Server thread/WARN]: The server will make no attempt to authenticate usernames. Beware.
[03:57:42] [Server thread/WARN]: While this makes the game possible to play without internet access, it also opens up the ability for hackers to connect with any username they choose.
[03:57:42] [Server thread/WARN]: To change this, set "online-mode" to "true" in the server.properties file.
[03:57:42] [Server thread/INFO]: Preparing level "world"
[03:57:47] [Server thread/INFO]: Preparing start region for dimension minecraft:overworld
[03:57:47] [Worker-Main-1/INFO]: Preparing spawn area: 2%
[03:57:48] [Worker-Main-2/INFO]: Preparing spawn area: 2%
[03:57:48] [Worker-Main-2/INFO]: Preparing spawn area: 2%
[03:57:49] [Worker-Main-3/INFO]: Preparing spawn area: 2%
[03:57:49] [Worker-Main-3/INFO]: Preparing spawn area: 18%
[03:57:50] [Worker-Main-3/INFO]: Preparing spawn area: 18%
[03:57:50] [Worker-Main-2/INFO]: Preparing spawn area: 34%
[03:57:51] [Worker-Main-2/INFO]: Preparing spawn area: 51%
[03:57:51] [Worker-Main-2/INFO]: Preparing spawn area: 51%
[03:57:52] [Worker-Main-3/INFO]: Preparing spawn area: 61%
[03:57:52] [Server thread/INFO]: Time elapsed: 4639 ms
[03:57:52] [Server thread/INFO]: Done (10.159s)! For help, type "help"
[03:57:52] [Server thread/INFO]: Unknown or incomplete command, see below for error
[03:57:52] [Server thread/INFO]: home/codespace/.python/current/bin/python3 /workspaces/COOBLEMON/msx.py<--[HERE]
[03:58:52] [Server thread/INFO]: lochoteo[/127.123.179.96:41541] logged in with entity id 37 at (-11.5, 74.0, 8.5)
[03:58:52] [Server thread/INFO]: lochoteo joined the game
[03:58:57] [Server thread/INFO]: lochoteo lost connection: Disconnected
[03:58:57] [Server thread/INFO]: lochoteo left the game
